<?xml version="1.0" encoding="UTF-8"?>
<!-- Generated by org.testng.reporters.JUnitReportReporter -->
<testsuite hostname="Abhishek" failures="0" tests="2" name="com.ninza.hrm.api.projecttest.ProjectTest" time="1.950" errors="0" timestamp="2024-09-21T14:42:25 IST" skipped="0">
  <testcase classname="com.ninza.hrm.api.projecttest.ProjectTest" name="addSingleProjectWithCreatedTest" time="1.694"/>
  <system-out/>
  <testcase classname="com.ninza.hrm.api.projecttest.ProjectTest" name="createDuplicateProject" time="0.256"/>
  <system-out/>
</testsuite> <!-- com.ninza.hrm.api.projecttest.ProjectTest -->
